2018-11-25 17:55:10.145  INFO 13340 --- [main] com.solinum.mower.MowerApplication       : Starting MowerApplication on MEDAZIZ-PC with PID 13340 (started by Med Aziz in C:\Users\Med Aziz\Documents\GitHub\mower)
2018-11-25 17:55:10.159  INFO 13340 --- [main] com.solinum.mower.MowerApplication       : No active profile set, falling back to default profiles: default
2018-11-25 17:55:12.938  INFO 13340 --- [main] o.s.b.w.embedded.tomcat.TomcatWebServer  : Tomcat initialized with port(s): 8080 (http)
2018-11-25 17:55:12.968  INFO 13340 --- [main] o.apache.catalina.core.StandardService   : Starting service [Tomcat]
2018-11-25 17:55:12.969  INFO 13340 --- [main] org.apache.catalina.core.StandardEngine  : Starting Servlet Engine: Apache Tomcat/9.0.12
2018-11-25 17:55:12.979  INFO 13340 --- [main] o.a.catalina.core.AprLifecycleListener   : The APR based Apache Tomcat Native library which allows optimal performance in production environments was not found on the java.library.path: [C:\Program Files\Java\jdk1.8.0_171\bin;C:\WINDOWS\Sun\Java\bin;C:\WINDOWS\system32;C:\WINDOWS;C:\Program Files (x86)\Common Files\Oracle\Java\javapath;C:\Windows\system32;C:\Windows;C:\Windows\System32\Wbem;C:\Windows\System32\WindowsPowerShell\v1.0\;C:\Program Files (x86)\NVIDIA Corporation\PhysX\Common;C:\WINDOWS\system32;C:\WINDOWS;C:\WINDOWS\System32\Wbem;C:\WINDOWS\System32\WindowsPowerShell\v1.0\;C:\WINDOWS\System32\OpenSSH\;C:\Program Files (x86)\Skype\Phone\;C:\Program Files (x86)\Yarn\bin\;C:\Program Files\Git\cmd;C:\Program Files\Git\mingw64\bin;C:\Program Files\Git\usr\bin;C:\Program Files\nodejs\;C:\gradle-4.9\bin;C:\Users\Med Aziz\AppData\Local\Programs\Python\Python37-32\Scripts\;C:\Users\Med Aziz\AppData\Local\Programs\Python\Python37-32\;C:\Users\Med Aziz\AppData\Local\Microsoft\WindowsApps;C:\Users\Med Aziz\AppData\Local\Yarn\bin;C:\Program Files\Microsoft VS Code\bin;C:\Users\Med Aziz\AppData\Roaming\npm;C:\Users\Med Aziz\AppData\Local\Programs\Microsoft VS Code\bin;C:\Users\Med Aziz\AppData\Local\GitHubDesktop\bin;.]
2018-11-25 17:55:13.174  INFO 13340 --- [main] o.a.c.c.C.[Tomcat].[localhost].[/]       : Initializing Spring embedded WebApplicationContext
2018-11-25 17:55:13.174  INFO 13340 --- [main] o.s.web.context.ContextLoader            : Root WebApplicationContext: initialization completed in 2891 ms
2018-11-25 17:55:13.220  INFO 13340 --- [main] o.s.b.w.servlet.ServletRegistrationBean  : Servlet dispatcherServlet mapped to [/]
2018-11-25 17:55:13.227  INFO 13340 --- [main] o.s.b.w.servlet.FilterRegistrationBean   : Mapping filter: 'characterEncodingFilter' to: [/*]
2018-11-25 17:55:13.228  INFO 13340 --- [main] o.s.b.w.servlet.FilterRegistrationBean   : Mapping filter: 'hiddenHttpMethodFilter' to: [/*]
2018-11-25 17:55:13.228  INFO 13340 --- [main] o.s.b.w.servlet.FilterRegistrationBean   : Mapping filter: 'formContentFilter' to: [/*]
2018-11-25 17:55:13.228  INFO 13340 --- [main] o.s.b.w.servlet.FilterRegistrationBean   : Mapping filter: 'requestContextFilter' to: [/*]
2018-11-25 17:55:13.619  INFO 13340 --- [main] o.s.s.concurrent.ThreadPoolTaskExecutor  : Initializing ExecutorService 'applicationTaskExecutor'
2018-11-25 17:55:13.937  INFO 13340 --- [main] o.s.b.w.embedded.tomcat.TomcatWebServer  : Tomcat started on port(s): 8080 (http) with context path ''
2018-11-25 17:55:13.944  INFO 13340 --- [main] com.solinum.mower.MowerApplication       : Started MowerApplication in 5.243 seconds (JVM running for 7.413)
2018-11-25 17:55:23.699  INFO 13340 --- [http-nio-8080-exec-2] o.a.c.c.C.[Tomcat].[localhost].[/]       : Initializing Spring DispatcherServlet 'dispatcherServlet'
2018-11-25 17:55:23.700  INFO 13340 --- [http-nio-8080-exec-2] o.s.web.servlet.DispatcherServlet        : Initializing Servlet 'dispatcherServlet'
2018-11-25 17:55:23.713  INFO 13340 --- [http-nio-8080-exec-2] o.s.web.servlet.DispatcherServlet        : Completed initialization in 13 ms
2018-11-25 17:55:23.883  INFO 13340 --- [http-nio-8080-exec-2] com.solinum.mower.OrderService           : Mower{Coordinate{abs=1, ord=2}initDirection=N}
2018-11-25 17:56:21.603  INFO 3800 --- [main] com.solinum.mower.MowerApplicationTests  : Starting MowerApplicationTests on MEDAZIZ-PC with PID 3800 (started by Med Aziz in C:\Users\Med Aziz\Documents\GitHub\mower)
2018-11-25 17:56:21.606  INFO 3800 --- [main] com.solinum.mower.MowerApplicationTests  : No active profile set, falling back to default profiles: default
2018-11-25 17:56:26.287  INFO 3800 --- [main] o.s.s.concurrent.ThreadPoolTaskExecutor  : Initializing ExecutorService 'applicationTaskExecutor'
2018-11-25 17:56:27.499  INFO 3800 --- [main] com.solinum.mower.MowerApplicationTests  : Started MowerApplicationTests in 7.975 seconds (JVM running for 12.02)
2018-11-25 17:56:28.873  INFO 3800 --- [main] com.solinum.mower.OrderApiTests          : Starting OrderApiTests on MEDAZIZ-PC with PID 3800 (started by Med Aziz in C:\Users\Med Aziz\Documents\GitHub\mower)
2018-11-25 17:56:28.874  INFO 3800 --- [main] com.solinum.mower.OrderApiTests          : No active profile set, falling back to default profiles: default
2018-11-25 17:56:32.241  INFO 3800 --- [main] o.s.b.w.embedded.tomcat.TomcatWebServer  : Tomcat initialized with port(s): 0 (http)
2018-11-25 17:56:32.371  INFO 3800 --- [main] o.apache.catalina.core.StandardService   : Starting service [Tomcat]
2018-11-25 17:56:32.373  INFO 3800 --- [main] org.apache.catalina.core.StandardEngine  : Starting Servlet Engine: Apache Tomcat/9.0.12
2018-11-25 17:56:32.420  INFO 3800 --- [main] o.a.catalina.core.AprLifecycleListener   : The APR based Apache Tomcat Native library which allows optimal performance in production environments was not found on the java.library.path: [C:\Program Files\Java\jdk1.8.0_171\bin;C:\WINDOWS\Sun\Java\bin;C:\WINDOWS\system32;C:\WINDOWS;C:\Program Files (x86)\Common Files\Oracle\Java\javapath;C:\Windows\system32;C:\Windows;C:\Windows\System32\Wbem;C:\Windows\System32\WindowsPowerShell\v1.0\;C:\Program Files (x86)\NVIDIA Corporation\PhysX\Common;C:\WINDOWS\system32;C:\WINDOWS;C:\WINDOWS\System32\Wbem;C:\WINDOWS\System32\WindowsPowerShell\v1.0\;C:\WINDOWS\System32\OpenSSH\;C:\Program Files (x86)\Skype\Phone\;C:\Program Files (x86)\Yarn\bin\;C:\Program Files\Git\cmd;C:\Program Files\Git\mingw64\bin;C:\Program Files\Git\usr\bin;C:\Program Files\nodejs\;C:\gradle-4.9\bin;C:\Users\Med Aziz\AppData\Local\Programs\Python\Python37-32\Scripts\;C:\Users\Med Aziz\AppData\Local\Programs\Python\Python37-32\;C:\Users\Med Aziz\AppData\Local\Microsoft\WindowsApps;C:\Users\Med Aziz\AppData\Local\Yarn\bin;C:\Program Files\Microsoft VS Code\bin;C:\Users\Med Aziz\AppData\Roaming\npm;C:\Users\Med Aziz\AppData\Local\Programs\Microsoft VS Code\bin;C:\Users\Med Aziz\AppData\Local\GitHubDesktop\bin;.]
2018-11-25 17:56:32.952  INFO 3800 --- [main] o.a.c.c.C.[Tomcat].[localhost].[/]       : Initializing Spring embedded WebApplicationContext
2018-11-25 17:56:32.953  INFO 3800 --- [main] o.s.web.context.ContextLoader            : Root WebApplicationContext: initialization completed in 4069 ms
2018-11-25 17:56:33.152  INFO 3800 --- [main] o.s.b.w.servlet.ServletRegistrationBean  : Servlet dispatcherServlet mapped to [/]
2018-11-25 17:56:33.171  INFO 3800 --- [main] o.s.b.w.servlet.FilterRegistrationBean   : Mapping filter: 'characterEncodingFilter' to: [/*]
2018-11-25 17:56:33.172  INFO 3800 --- [main] o.s.b.w.servlet.FilterRegistrationBean   : Mapping filter: 'hiddenHttpMethodFilter' to: [/*]
2018-11-25 17:56:33.173  INFO 3800 --- [main] o.s.b.w.servlet.FilterRegistrationBean   : Mapping filter: 'formContentFilter' to: [/*]
2018-11-25 17:56:33.173  INFO 3800 --- [main] o.s.b.w.servlet.FilterRegistrationBean   : Mapping filter: 'requestContextFilter' to: [/*]
2018-11-25 17:56:33.722  INFO 3800 --- [main] o.s.s.concurrent.ThreadPoolTaskExecutor  : Initializing ExecutorService 'applicationTaskExecutor'
2018-11-25 17:56:35.554  INFO 3800 --- [main] o.s.b.w.embedded.tomcat.TomcatWebServer  : Tomcat started on port(s): 62112 (http) with context path ''
2018-11-25 17:56:35.568  INFO 3800 --- [main] com.solinum.mower.OrderApiTests          : Started OrderApiTests in 6.824 seconds (JVM running for 20.091)
2018-11-25 17:56:38.217  INFO 3800 --- [http-nio-auto-1-exec-1] o.a.c.c.C.[Tomcat].[localhost].[/]       : Initializing Spring DispatcherServlet 'dispatcherServlet'
2018-11-25 17:56:38.219  INFO 3800 --- [http-nio-auto-1-exec-1] o.s.web.servlet.DispatcherServlet        : Initializing Servlet 'dispatcherServlet'
2018-11-25 17:56:38.279  INFO 3800 --- [http-nio-auto-1-exec-1] o.s.web.servlet.DispatcherServlet        : Completed initialization in 59 ms
2018-11-25 17:56:39.040  INFO 3800 --- [main] com.solinum.mower.OrderControllerTest    : Starting OrderControllerTest on MEDAZIZ-PC with PID 3800 (started by Med Aziz in C:\Users\Med Aziz\Documents\GitHub\mower)
2018-11-25 17:56:39.041  INFO 3800 --- [main] com.solinum.mower.OrderControllerTest    : No active profile set, falling back to default profiles: default
2018-11-25 17:56:39.970  INFO 3800 --- [main] o.s.s.concurrent.ThreadPoolTaskExecutor  : Initializing ExecutorService 'applicationTaskExecutor'
2018-11-25 17:56:40.818  INFO 3800 --- [main] o.s.b.t.m.w.SpringBootMockServletContext : Initializing Spring TestDispatcherServlet ''
2018-11-25 17:56:40.820  INFO 3800 --- [main] o.s.t.web.servlet.TestDispatcherServlet  : Initializing Servlet ''
2018-11-25 17:56:40.828  INFO 3800 --- [main] o.s.t.web.servlet.TestDispatcherServlet  : Completed initialization in 7 ms
2018-11-25 17:56:40.885  INFO 3800 --- [main] com.solinum.mower.OrderControllerTest    : Started OrderControllerTest in 1.919 seconds (JVM running for 25.407)
2018-11-25 17:56:41.167  INFO 3800 --- [Thread-2] o.s.s.concurrent.ThreadPoolTaskExecutor  : Shutting down ExecutorService 'applicationTaskExecutor'
2018-11-25 17:56:41.170  INFO 3800 --- [Thread-7] o.s.s.concurrent.ThreadPoolTaskExecutor  : Shutting down ExecutorService 'applicationTaskExecutor'
2018-11-25 17:56:41.172  INFO 3800 --- [Thread-5] o.s.s.concurrent.ThreadPoolTaskExecutor  : Shutting down ExecutorService 'applicationTaskExecutor'
